2019-02-25T07:18:23.286Z - info: Environment isProduction =  true
2019-02-25T07:18:23.587Z - debug: START routing
2019-02-25T07:18:23.630Z - debug: END routing
2019-02-25T07:18:23.749Z - info: Starting controllers/user.js.
2019-02-25T07:18:23.752Z - debug: START user routing
2019-02-25T07:18:23.754Z - debug: END user routing
2019-02-25T07:18:23.754Z - info: Loaded routing.
2019-02-25T07:18:24.488Z - info: START seeder.
2019-02-25T07:18:24.497Z - debug: Registering cgeadmin@mail.com
2019-02-25T07:18:24.517Z - debug: 3 estimates seeded
2019-02-25T07:18:24.519Z - debug: 1 users registered
2019-02-25T07:18:24.965Z - info: User with email: cgeadmin@mail.com successfully registered.
2019-02-25T07:18:35.419Z - debug: GET /
2019-02-25T07:18:35.529Z - debug: Request to /
2019-02-25T07:18:38.525Z - debug: GET /login
2019-02-25T07:20:40.815Z - debug: GET /forgot
2019-02-25T07:20:43.190Z - debug: GET /favicon.ico
2019-02-25T07:30:50.982Z - info: Environment isProduction =  true
2019-02-25T07:30:51.284Z - error: uncaughtException: Unexpected end of input date=Mon Feb 25 2019 01:30:51 GMT-0600 (Central Standard Time), pid=3772, uid=null, gid=null, cwd=C:\Users\S531519\CostEstimatorExp\CurtEstimatorExpress, execPath=C:\Program Files\nodejs\node.exe, version=v8.9.4, argv=[C:\Program Files\nodejs\node.exe, C:\Users\S531519\CostEstimatorExp\CurtEstimatorExpress\app.js], rss=70213632, heapTotal=57597952, heapUsed=28320096, external=36615880, loadavg=[0, 0, 0], uptime=1614479.8816975
C:\Users\S531519\CostEstimatorExp\CurtEstimatorExpress\routes\index.js:81
});
  ^

SyntaxError: Unexpected end of input
    at createScript (vm.js:80:10)
    at Object.runInThisContext (vm.js:139:10)
    at Module._compile (module.js:607:28)
    at Object.Module._extensions..js (module.js:654:10)
    at Module.load (module.js:556:32)
    at tryModuleLoad (module.js:499:12)
    at Function.Module._load (module.js:491:3)
    at Module.require (module.js:587:17)
    at require (internal/module.js:11:18)
    at Object.<anonymous> (C:\Users\S531519\CostEstimatorExp\CurtEstimatorExpress\app.js:144:16)
    at Module._compile (module.js:643:30)
    at Object.Module._extensions..js (module.js:654:10)
    at Module.load (module.js:556:32)
    at tryModuleLoad (module.js:499:12)
    at Function.Module._load (module.js:491:3)
    at Function.Module.runMain (module.js:684:10)
2019-02-25T07:30:52.471Z - info: Starting controllers/user.js.
2019-02-25T07:30:52.472Z - info: START seeder.
2019-02-25T07:30:52.478Z - debug: Registering cgeadmin@mail.com
2019-02-25T07:30:52.488Z - debug: 3 estimates seeded
2019-02-25T07:30:52.488Z - debug: 1 users registered
2019-02-25T07:30:53.608Z - debug: User already exists:  cgeadmin@mail.com
2019-02-25T07:32:30.376Z - info: Environment isProduction =  true
2019-02-25T07:32:30.750Z - error: uncaughtException: Unexpected end of input date=Mon Feb 25 2019 01:32:30 GMT-0600 (Central Standard Time), pid=10384, uid=null, gid=null, cwd=C:\Users\S531519\CostEstimatorExp\CurtEstimatorExpress, execPath=C:\Program Files\nodejs\node.exe, version=v8.9.4, argv=[C:\Program Files\nodejs\node.exe, C:\Users\S531519\CostEstimatorExp\CurtEstimatorExpress\app.js], rss=69980160, heapTotal=57597952, heapUsed=28455424, external=36615880, loadavg=[0, 0, 0], uptime=1614579.3429077
C:\Users\S531519\CostEstimatorExp\CurtEstimatorExpress\routes\index.js:85
});
  ^

SyntaxError: Unexpected end of input
    at createScript (vm.js:80:10)
    at Object.runInThisContext (vm.js:139:10)
    at Module._compile (module.js:607:28)
    at Object.Module._extensions..js (module.js:654:10)
    at Module.load (module.js:556:32)
    at tryModuleLoad (module.js:499:12)
    at Function.Module._load (module.js:491:3)
    at Module.require (module.js:587:17)
    at require (internal/module.js:11:18)
    at Object.<anonymous> (C:\Users\S531519\CostEstimatorExp\CurtEstimatorExpress\app.js:144:16)
    at Module._compile (module.js:643:30)
    at Object.Module._extensions..js (module.js:654:10)
    at Module.load (module.js:556:32)
    at tryModuleLoad (module.js:499:12)
    at Function.Module._load (module.js:491:3)
    at Function.Module.runMain (module.js:684:10)
2019-02-25T07:32:31.644Z - info: Starting controllers/user.js.
2019-02-25T07:32:31.645Z - info: START seeder.
2019-02-25T07:32:31.653Z - debug: Registering cgeadmin@mail.com
2019-02-25T07:32:31.665Z - debug: 3 estimates seeded
2019-02-25T07:32:31.665Z - debug: 1 users registered
2019-02-25T07:32:32.091Z - info: User with email: cgeadmin@mail.com successfully registered.
2019-02-25T07:33:57.514Z - info: Environment isProduction =  true
2019-02-25T07:33:57.945Z - debug: START routing
2019-02-25T07:33:58.049Z - debug: END routing
2019-02-25T07:33:58.175Z - info: Starting controllers/user.js.
2019-02-25T07:33:58.181Z - debug: START user routing
2019-02-25T07:33:58.183Z - debug: END user routing
2019-02-25T07:33:58.183Z - info: Loaded routing.
2019-02-25T07:33:58.961Z - info: START seeder.
2019-02-25T07:33:58.978Z - debug: Registering cgeadmin@mail.com
2019-02-25T07:33:58.999Z - debug: 3 estimates seeded
2019-02-25T07:33:58.999Z - debug: 1 users registered
2019-02-25T07:33:59.436Z - debug: User already exists:  cgeadmin@mail.com
2019-02-25T07:35:29.674Z - debug: GET /forgot
2019-02-25T07:35:50.222Z - debug: GET /contact
2019-02-25T07:35:55.481Z - debug: GET /login
2019-02-25T07:41:26.590Z - info: Environment isProduction =  true
2019-02-25T07:41:26.898Z - debug: START routing
2019-02-25T07:41:26.972Z - debug: END routing
2019-02-25T07:41:27.113Z - info: Starting controllers/user.js.
2019-02-25T07:41:27.116Z - debug: START user routing
2019-02-25T07:41:27.117Z - debug: END user routing
2019-02-25T07:41:27.118Z - info: Loaded routing.
2019-02-25T07:41:27.917Z - info: START seeder.
2019-02-25T07:41:27.934Z - debug: Registering cgeadmin@mail.com
2019-02-25T07:41:27.969Z - debug: 3 estimates seeded
2019-02-25T07:41:27.970Z - debug: 1 users registered
2019-02-25T07:41:28.512Z - info: User with email: cgeadmin@mail.com successfully registered.
2019-02-25T07:41:32.971Z - debug: GET /login
2019-02-25T07:41:35.135Z - debug: GET /images/favicon-32x32.png
2019-02-25T07:41:53.902Z - debug: GET /login
2019-02-25T07:41:56.417Z - debug: GET /contact
2019-02-25T07:42:00.639Z - debug: POST /contact
2019-02-25T07:42:02.256Z - debug: GET /contact
2019-02-25T07:42:32.775Z - debug: GET /contact
2019-02-25T07:42:36.594Z - debug: GET /contact
2019-02-25T07:42:39.374Z - debug: GET /login
2019-02-25T07:43:06.953Z - debug: POST /login
2019-02-25T07:43:07.291Z - error: 
2019-02-25T07:43:07.305Z - debug: GET /
2019-02-25T07:43:07.439Z - debug: Request to /
2019-02-25T07:43:15.566Z - debug: GET /logout
2019-02-25T07:43:15.816Z - debug: GET /login
2019-02-25T07:44:46.107Z - info: Environment isProduction =  true
2019-02-25T07:44:46.562Z - debug: START routing
2019-02-25T07:44:46.651Z - debug: END routing
2019-02-25T07:44:46.801Z - info: Starting controllers/user.js.
2019-02-25T07:44:46.803Z - debug: START user routing
2019-02-25T07:44:46.804Z - debug: END user routing
2019-02-25T07:44:46.804Z - info: Loaded routing.
2019-02-25T07:44:47.566Z - info: START seeder.
2019-02-25T07:44:47.581Z - debug: Registering cgeadmin@mail.com
2019-02-25T07:44:47.603Z - debug: 3 estimates seeded
2019-02-25T07:44:47.603Z - debug: 1 users registered
2019-02-25T07:44:48.031Z - debug: User already exists:  cgeadmin@mail.com
2019-02-25T07:44:54.330Z - debug: GET /login
2019-02-25T07:44:56.938Z - debug: GET /images/favicon-32x32.png
2019-02-25T07:45:37.876Z - debug: GET /login
2019-02-25T07:45:40.846Z - debug: GET /images/favicon-32x32.png
2019-02-25T07:48:30.912Z - info: Environment isProduction =  true
2019-02-25T07:48:31.286Z - debug: START routing
2019-02-25T07:48:31.359Z - debug: END routing
2019-02-25T07:48:31.499Z - info: Starting controllers/user.js.
2019-02-25T07:48:31.502Z - debug: START user routing
2019-02-25T07:48:31.503Z - debug: END user routing
2019-02-25T07:48:31.504Z - info: Loaded routing.
2019-02-25T07:48:32.462Z - info: START seeder.
2019-02-25T07:48:32.558Z - debug: Registering cgeadmin@mail.com
2019-02-25T07:48:32.603Z - debug: 3 estimates seeded
2019-02-25T07:48:32.612Z - debug: 1 users registered
2019-02-25T07:48:33.065Z - info: User with email: cgeadmin@mail.com successfully registered.
2019-02-25T07:48:36.025Z - debug: GET /login
2019-02-25T07:48:38.672Z - debug: GET /images/favicon-32x32.png
2019-02-25T07:52:18.670Z - info: Environment isProduction =  true
2019-02-25T07:52:19.039Z - debug: START routing
2019-02-25T07:52:19.090Z - debug: END routing
2019-02-25T07:52:19.201Z - info: Starting controllers/user.js.
2019-02-25T07:52:19.204Z - debug: START user routing
2019-02-25T07:52:19.205Z - debug: END user routing
2019-02-25T07:52:19.206Z - info: Loaded routing.
2019-02-25T07:52:19.904Z - info: START seeder.
2019-02-25T07:52:19.917Z - debug: Registering cgeadmin@mail.com
2019-02-25T07:52:19.936Z - debug: 3 estimates seeded
2019-02-25T07:52:19.939Z - debug: 1 users registered
2019-02-25T07:52:20.420Z - debug: User already exists:  cgeadmin@mail.com
2019-02-25T07:52:24.709Z - debug: GET /login
2019-02-25T07:52:26.633Z - debug: GET /images/favicon-32x32.png
2019-02-25T07:53:15.023Z - debug: GET /login
2019-02-25T07:53:17.162Z - debug: GET /contact
2019-02-25T07:59:48.651Z - info: Environment isProduction =  true
2019-02-25T07:59:49.150Z - debug: START routing
2019-02-25T07:59:49.241Z - debug: END routing
2019-02-25T07:59:49.365Z - info: Starting controllers/user.js.
2019-02-25T07:59:49.366Z - debug: START user routing
2019-02-25T07:59:49.367Z - debug: END user routing
2019-02-25T07:59:49.368Z - info: Loaded routing.
2019-02-25T07:59:50.089Z - info: START seeder.
2019-02-25T07:59:50.106Z - debug: Registering cgeadmin@mail.com
2019-02-25T07:59:50.138Z - debug: 3 estimates seeded
2019-02-25T07:59:50.139Z - debug: 1 users registered
2019-02-25T07:59:50.632Z - info: User with email: cgeadmin@mail.com successfully registered.
2019-02-25T08:00:01.277Z - debug: GET /
2019-02-25T08:00:01.379Z - debug: Request to /
2019-02-25T08:00:05.206Z - debug: GET /login
2019-02-25T08:00:08.852Z - debug: POST /forgot
2019-02-25T08:00:09.056Z - debug: GET /forgot
2019-02-25T08:03:41.798Z - info: Environment isProduction =  true
2019-02-25T08:03:42.181Z - debug: START routing
2019-02-25T08:03:42.274Z - debug: END routing
2019-02-25T08:03:42.354Z - info: Starting controllers/user.js.
2019-02-25T08:03:42.355Z - debug: START user routing
2019-02-25T08:03:42.355Z - debug: END user routing
2019-02-25T08:03:42.356Z - info: Loaded routing.
2019-02-25T08:03:43.193Z - info: START seeder.
2019-02-25T08:03:43.207Z - debug: Registering cgeadmin@mail.com
2019-02-25T08:03:43.222Z - debug: 3 estimates seeded
2019-02-25T08:03:43.222Z - debug: 1 users registered
2019-02-25T08:03:43.710Z - debug: User already exists:  cgeadmin@mail.com
2019-02-25T08:03:51.843Z - debug: GET /
2019-02-25T08:03:51.947Z - debug: Request to /
2019-02-25T08:03:55.715Z - debug: GET /login
2019-02-25T08:04:30.321Z - debug: POST /forgot
2019-02-25T08:04:30.447Z - debug: GET /forgot
2019-02-25T08:06:53.570Z - info: Environment isProduction =  true
2019-02-25T08:06:53.850Z - debug: START routing
2019-02-25T08:06:53.941Z - debug: END routing
2019-02-25T08:06:54.141Z - info: Starting controllers/user.js.
2019-02-25T08:06:54.145Z - debug: START user routing
2019-02-25T08:06:54.148Z - debug: END user routing
2019-02-25T08:06:54.149Z - info: Loaded routing.
2019-02-25T08:06:55.194Z - info: START seeder.
2019-02-25T08:06:55.206Z - debug: Registering cgeadmin@mail.com
2019-02-25T08:06:55.219Z - debug: 3 estimates seeded
2019-02-25T08:06:55.220Z - debug: 1 users registered
2019-02-25T08:06:55.671Z - info: User with email: cgeadmin@mail.com successfully registered.
2019-02-25T08:07:01.140Z - debug: GET /
2019-02-25T08:07:01.228Z - debug: Request to /
2019-02-25T08:07:11.340Z - debug: GET /login
2019-02-25T08:07:13.632Z - debug: POST /forgot
2019-02-25T08:07:13.805Z - debug: GET /forgot
2019-02-25T08:09:01.970Z - info: Environment isProduction =  true
2019-02-25T08:09:02.605Z - debug: START routing
2019-02-25T08:09:02.738Z - debug: END routing
2019-02-25T08:09:03.041Z - info: Starting controllers/user.js.
2019-02-25T08:09:03.043Z - debug: START user routing
2019-02-25T08:09:03.044Z - debug: END user routing
2019-02-25T08:09:03.044Z - info: Loaded routing.
2019-02-25T08:09:03.917Z - info: START seeder.
2019-02-25T08:09:03.932Z - debug: Registering cgeadmin@mail.com
2019-02-25T08:09:03.957Z - debug: 3 estimates seeded
2019-02-25T08:09:03.958Z - debug: 1 users registered
2019-02-25T08:09:04.442Z - debug: User already exists:  cgeadmin@mail.com
2019-02-25T08:09:11.901Z - debug: GET /forgot
2019-02-25T08:09:13.449Z - debug: GET /favicon.ico
2019-02-25T08:09:18.495Z - debug: GET /
2019-02-25T08:09:18.669Z - debug: Request to /
2019-02-25T08:09:23.208Z - debug: GET /
2019-02-25T08:09:23.273Z - debug: Request to /
2019-02-25T08:09:23.399Z - debug: GET /css/main.css
2019-02-25T08:09:23.403Z - debug: GET /css/404.css
2019-02-25T08:09:23.660Z - debug: GET /images/coating2.jpg
2019-02-25T08:09:24.309Z - debug: GET /images/favicon-32x32.png
2019-02-25T08:09:25.527Z - debug: GET /login
2019-02-25T08:09:28.047Z - debug: POST /forgot
2019-02-25T08:09:29.232Z - debug: GET /login
2019-02-25T08:11:03.877Z - debug: POST /login
2019-02-25T08:11:04.085Z - info:  msg=Email cgeadmin@mail.com not found.
2019-02-25T08:11:04.102Z - debug: GET /login
2019-02-25T08:11:09.083Z - debug: POST /login
2019-02-25T08:11:09.630Z - info:  msg=Email cgeadmin@mail.com not found.
2019-02-25T08:11:09.646Z - debug: GET /login
2019-02-25T08:11:11.530Z - debug: POST /login
2019-02-25T08:11:11.693Z - info:  msg=Email cgeadmin@mail.com not found.
2019-02-25T08:11:11.714Z - debug: GET /login
2019-02-25T08:11:12.984Z - debug: POST /login
2019-02-25T08:11:13.107Z - info:  msg=Email cgeadmin@mail.com not found.
2019-02-25T08:11:13.122Z - debug: GET /login
2019-02-25T08:11:16.051Z - debug: GET /login
2019-02-25T08:11:16.930Z - debug: GET /images/favicon-32x32.png
2019-02-25T08:11:18.228Z - debug: POST /login
2019-02-25T08:11:18.361Z - info:  msg=Email cgeadmin@mail.com not found.
2019-02-25T08:11:18.374Z - debug: GET /login
2019-02-25T08:11:23.218Z - debug: GET /login
2019-02-25T08:11:24.168Z - debug: GET /images/favicon-32x32.png
2019-02-25T08:11:27.117Z - debug: POST /login
2019-02-25T08:11:27.238Z - info:  msg=Email cgeadmin@mail.com not found.
2019-02-25T08:11:27.247Z - debug: GET /login
2019-02-25T08:11:29.452Z - debug: POST /login
2019-02-25T08:11:29.589Z - info:  msg=Email cgeadmin@mail.com not found.
2019-02-25T08:11:29.605Z - debug: GET /login
2019-02-25T08:11:34.317Z - debug: GET /login
2019-02-25T08:11:35.267Z - debug: GET /images/favicon-32x32.png
2019-02-25T08:11:36.318Z - debug: POST /login
2019-02-25T08:11:36.447Z - info:  msg=Email cgeadmin@mail.com not found.
2019-02-25T08:11:36.461Z - debug: GET /login
2019-02-25T08:11:39.042Z - debug: POST /login
2019-02-25T08:11:39.161Z - info:  msg=Email cgeadmin@mail.com not found.
2019-02-25T08:11:39.174Z - debug: GET /login
2019-02-25T08:11:40.269Z - debug: POST /login
2019-02-25T08:11:40.400Z - info:  msg=Email cgeadmin@mail.com not found.
2019-02-25T08:11:40.413Z - debug: GET /login
2019-02-25T08:11:41.327Z - debug: POST /login
2019-02-25T08:11:41.446Z - info:  msg=Email cgeadmin@mail.com not found.
2019-02-25T08:11:41.461Z - debug: GET /login
2019-02-25T08:11:42.346Z - debug: POST /login
2019-02-25T08:11:42.413Z - debug: GET /login
2019-02-25T08:11:46.554Z - debug: POST /login
2019-02-25T08:11:46.670Z - info:  msg=Email cgeadmin@mail.com not found.
2019-02-25T08:11:46.684Z - debug: GET /login
2019-02-25T08:12:00.791Z - debug: GET /
2019-02-25T08:12:00.894Z - debug: Request to /
2019-02-25T08:12:04.601Z - debug: GET /login
2019-02-25T08:12:06.843Z - debug: POST /login
2019-02-25T08:12:06.976Z - info:  msg=Email cgeadmin@mail.com not found.
2019-02-25T08:12:06.996Z - debug: GET /login
2019-02-25T08:14:23.825Z - info: Environment isProduction =  true
2019-02-25T08:14:24.217Z - debug: START routing
2019-02-25T08:14:24.298Z - debug: END routing
2019-02-25T08:14:24.437Z - info: Starting controllers/user.js.
2019-02-25T08:14:24.440Z - debug: START user routing
2019-02-25T08:14:24.441Z - debug: END user routing
2019-02-25T08:14:24.441Z - info: Loaded routing.
2019-02-25T08:14:25.152Z - info: START seeder.
2019-02-25T08:14:25.168Z - debug: Registering cgeadmin@mail.com
2019-02-25T08:14:25.205Z - debug: 3 estimates seeded
2019-02-25T08:14:25.207Z - debug: 1 users registered
2019-02-25T08:14:25.697Z - info: User with email: cgeadmin@mail.com successfully registered.
2019-02-25T08:14:35.031Z - debug: GET /
2019-02-25T08:14:35.111Z - debug: Request to /
2019-02-25T08:14:38.430Z - debug: GET /login
2019-02-25T08:14:41.158Z - debug: POST /login
2019-02-25T08:14:41.476Z - error: 
2019-02-25T08:14:41.507Z - debug: GET /
2019-02-25T08:14:42.016Z - debug: Request to /
2019-02-25T08:14:47.536Z - debug: GET /logout
2019-02-25T08:14:47.884Z - debug: GET /login
2019-02-25T08:14:50.751Z - debug: POST /login
2019-02-25T08:14:50.955Z - error: 
2019-02-25T08:14:50.973Z - debug: GET /
2019-02-25T08:14:51.097Z - debug: Request to /
2019-02-25T08:14:54.468Z - debug: GET /logout
2019-02-25T08:14:54.604Z - debug: GET /login
2019-02-25T08:14:54.744Z - debug: GET /
2019-02-25T08:14:54.875Z - debug: Request to /
2019-02-25T08:14:59.986Z - debug: GET /logout
2019-02-25T08:15:00.162Z - debug: GET /login
2019-02-25T08:15:02.272Z - debug: POST /forgot
2019-02-25T08:15:03.255Z - debug: GET /login
2019-02-25T08:15:07.477Z - debug: POST /login
2019-02-25T08:15:07.638Z - error: 
2019-02-25T08:15:07.655Z - debug: GET /
2019-02-25T08:15:07.764Z - debug: Request to /
2019-02-25T08:15:24.161Z - debug: GET /logout
2019-02-25T08:15:24.330Z - debug: GET /login
2019-02-25T08:15:26.669Z - debug: GET /login
2019-02-25T08:15:29.194Z - debug: POST /login
2019-02-25T08:15:29.388Z - error: 
2019-02-25T08:15:29.396Z - debug: GET /
2019-02-25T08:15:29.517Z - debug: Request to /
2019-02-25T08:15:31.850Z - debug: GET /account
2019-02-25T08:15:32.756Z - debug: GET /favicon.ico
2019-02-25T08:15:37.163Z - debug: GET /logout
2019-02-25T08:15:37.306Z - debug: GET /login
2019-02-25T08:15:49.217Z - debug: POST /login
2019-02-25T08:15:49.362Z - error: 
2019-02-25T08:15:49.376Z - debug: GET /
2019-02-25T08:15:49.499Z - debug: Request to /
2019-02-25T08:16:36.580Z - info: Environment isProduction =  true
2019-02-25T08:16:36.989Z - debug: START routing
2019-02-25T08:16:37.150Z - debug: END routing
2019-02-25T08:16:37.254Z - info: Starting controllers/user.js.
2019-02-25T08:16:37.256Z - debug: START user routing
2019-02-25T08:16:37.257Z - debug: END user routing
2019-02-25T08:16:37.257Z - info: Loaded routing.
2019-02-25T08:16:38.011Z - info: START seeder.
2019-02-25T08:16:38.030Z - debug: Registering cgeadmin@mail.com
2019-02-25T08:16:38.064Z - debug: 3 estimates seeded
2019-02-25T08:16:38.065Z - debug: 1 users registered
2019-02-25T08:16:38.649Z - debug: User already exists:  cgeadmin@mail.com
2019-02-25T08:16:46.221Z - debug: GET /
2019-02-25T08:16:46.371Z - debug: Request to /
2019-02-25T08:16:50.029Z - debug: GET /login
2019-02-25T08:16:53.643Z - debug: POST /login
2019-02-25T08:16:53.935Z - info:  msg=Email cgeadmin@mail.com not found.
2019-02-25T08:16:53.969Z - debug: GET /login
2019-02-25T08:16:57.957Z - debug: POST /login
2019-02-25T08:16:58.130Z - info:  msg=Email cgeadmin@mail.com not found.
2019-02-25T08:16:58.144Z - debug: GET /login
2019-02-25T08:17:02.984Z - debug: POST /login
2019-02-25T08:17:03.135Z - info:  msg=Email cgeadmin@mail.com not found.
2019-02-25T08:17:03.148Z - debug: GET /login
2019-02-25T08:17:08.110Z - debug: POST /login
2019-02-25T08:17:08.249Z - info:  msg=Email cgeadmin@mail.com not found.
2019-02-25T08:17:08.264Z - debug: GET /login
2019-02-25T08:17:14.698Z - debug: POST /login
2019-02-25T08:17:14.815Z - info:  msg=Email cgeadmin@mail.com not found.
2019-02-25T08:17:14.834Z - debug: GET /login
2019-02-25T08:17:42.068Z - info: Environment isProduction =  true
2019-02-25T08:17:42.357Z - debug: START routing
2019-02-25T08:17:42.429Z - debug: END routing
2019-02-25T08:17:42.544Z - info: Starting controllers/user.js.
2019-02-25T08:17:42.545Z - debug: START user routing
2019-02-25T08:17:42.546Z - debug: END user routing
2019-02-25T08:17:42.546Z - info: Loaded routing.
2019-02-25T08:17:43.264Z - info: START seeder.
2019-02-25T08:17:43.278Z - debug: Registering cgeadmin@mail.com
2019-02-25T08:17:43.302Z - debug: 3 estimates seeded
2019-02-25T08:17:43.304Z - debug: 1 users registered
2019-02-25T08:17:43.780Z - info: User with email: cgeadmin@mail.com successfully registered.
2019-02-25T08:17:51.698Z - debug: POST /login
2019-02-25T08:17:52.030Z - error: 
2019-02-25T08:17:52.079Z - debug: GET /
2019-02-25T08:17:52.517Z - debug: Request to /
2019-02-25T08:17:56.299Z - debug: GET /logout
2019-02-25T08:17:56.430Z - debug: GET /login
2019-02-25T08:17:58.912Z - debug: POST /forgot
2019-02-25T08:17:59.907Z - debug: GET /login
2019-02-25T08:18:44.977Z - debug: POST /login
2019-02-25T08:18:45.180Z - error: 
2019-02-25T08:18:45.185Z - debug: GET /
2019-02-25T08:18:45.305Z - debug: Request to /
2019-02-25T08:18:51.545Z - debug: GET /logout
2019-02-25T08:18:51.689Z - debug: GET /login
2019-02-25T08:18:57.762Z - info: Environment isProduction =  true
2019-02-25T08:18:58.146Z - debug: START routing
2019-02-25T08:18:58.254Z - debug: END routing
2019-02-25T08:18:58.469Z - info: Starting controllers/user.js.
2019-02-25T08:18:58.476Z - debug: START user routing
2019-02-25T08:18:58.479Z - debug: END user routing
2019-02-25T08:18:58.480Z - info: Loaded routing.
2019-02-25T08:18:59.448Z - info: START seeder.
2019-02-25T08:18:59.488Z - debug: Registering cgeadmin@mail.com
2019-02-25T08:18:59.568Z - debug: 3 estimates seeded
2019-02-25T08:18:59.572Z - debug: 1 users registered
2019-02-25T08:19:00.429Z - debug: User already exists:  cgeadmin@mail.com
2019-02-25T08:19:02.440Z - debug: GET /login
2019-02-25T08:19:03.200Z - debug: GET /images/favicon-32x32.png
2019-02-25T08:19:04.745Z - debug: POST /forgot
2019-02-25T08:19:05.971Z - debug: GET /login
2019-02-25T08:20:28.489Z - info: Environment isProduction =  true
2019-02-25T08:20:28.857Z - debug: START routing
2019-02-25T08:20:28.932Z - debug: END routing
2019-02-25T08:20:29.064Z - info: Starting controllers/user.js.
2019-02-25T08:20:29.067Z - debug: START user routing
2019-02-25T08:20:29.068Z - debug: END user routing
2019-02-25T08:20:29.068Z - info: Loaded routing.
2019-02-25T08:20:29.874Z - info: START seeder.
2019-02-25T08:20:29.891Z - debug: Registering cgeadmin@mail.com
2019-02-25T08:20:29.927Z - debug: 3 estimates seeded
2019-02-25T08:20:29.928Z - debug: 1 users registered
2019-02-25T08:20:30.367Z - info: User with email: cgeadmin@mail.com successfully registered.
2019-02-25T08:20:41.013Z - debug: GET /
2019-02-25T08:20:41.110Z - debug: Request to /
2019-02-25T08:20:49.468Z - debug: GET /contact
2019-02-25T08:20:53.365Z - debug: POST /contact
2019-02-25T08:20:54.509Z - debug: GET /contact
